app/build/outputs/mapping/release/seeds.txt
com.pawsup.cats.CatRegistry_Factory
com.pawsup.monitoring.MonitoringService
com.pawsup.billing.BillingEvent
com.pawsup.paywall.PaywallActivity
com.pawsup.billing.BillingClientWrapper$queryPurchases$1
com.pawsup.billing.BillingRepository$1$1
com.pawsup.monitoring.KeepAliveReceiver_GeneratedInjector
com.pawsup.ui.MainActivity
com.pawsup.monitoring.WatchdogWorker
com.pawsup.ui.MainActivity_GeneratedInjector
com.pawsup.cats.CatRegistry_Factory$InstanceHolder
com.pawsup.billing.Entitlements$Companion
com.pawsup.billing.BillingEvent$Purchased
com.pawsup.paywall.PaywallActivity_GeneratedInjector
com.pawsup.cats.CatAssetResolver
com.pawsup.monitoring.BootReceiver_GeneratedInjector
com.pawsup.billing.BillingClientWrapper$onPurchasesUpdated$3
com.pawsup.monitoring.MonitoringService_GeneratedInjector
com.pawsup.cats.Cat
com.pawsup.settings.SettingsActivity_GeneratedInjector
com.pawsup.break_experience.BreakOverlayActivity_GeneratedInjector
com.pawsup.monitoring.BootReceiver
com.pawsup.application.PawsUpApplication_GeneratedInjector
com.pawsup.billing.Entitlements
com.pawsup.cats.CatVoiceProvider
com.pawsup.billing.BillingEvent$UserCancelled
com.pawsup.settings.SettingsActivity
com.pawsup.application.PawsUpApplication
com.pawsup.billing.BillingClientWrapper$connect$1$onBillingSetupFinished$2
com.pawsup.billing.BillingRepository_Factory
com.pawsup.apppicker.AppPickerActivity
com.pawsup.monitoring.KeepAliveReceiver
com.pawsup.billing.BillingRepository$handlePurchase$1
com.pawsup.billing.PerCatSub
com.pawsup.billing.BillingClientWrapper$connect$1
com.pawsup.billing.BillingEvent$Error
com.pawsup.break_experience.BreakOverlayActivity
com.pawsup.onboarding.OnboardingActivity_GeneratedInjector
com.pawsup.billing.BillingRepository$syncPurchasesToPrefs$1
com.pawsup.billing.BillingClientWrapper$onPurchasesUpdated$2
com.pawsup.billing.BillingClientWrapper
com.pawsup.billing.BillingRepository$entitlements$1
com.pawsup.billing.BillingRepository$1
com.pawsup.cats.CatTier
com.pawsup.billing.BillingClientWrapper$onPurchasesUpdated$1$2$1
com.pawsup.billing.BillingRepository
com.pawsup.cats.VoiceBucket
com.pawsup.billing.BillingClientWrapper_Factory
com.pawsup.billing.BillingClientWrapper$onPurchasesUpdated$1$1
com.pawsup.billing.ProductIds
com.pawsup.apppicker.AppPickerActivity_GeneratedInjector
com.pawsup.cats.CatRegistry
com.pawsup.billing.BillingClientWrapper$scheduleReconnect$1
com.pawsup.billing.BillingRepository$refreshPurchases$1
com.pawsup.billing.BillingClientWrapper$connect$1$onBillingSetupFinished$1
com.pawsup.onboarding.OnboardingActivity
com.pawsup.billing.BillingClientWrapper$queryProductDetails$1
com.pawsup.cats.CatVoiceProvider: java.util.Map entrances
com.pawsup.billing.PerCatSub: java.lang.String yearlyPlan
com.pawsup.billing.BillingClientWrapper: kotlinx.coroutines.flow.MutableSharedFlow _events
com.pawsup.billing.BillingRepository$syncPurchasesToPrefs$1: java.lang.Object result
com.pawsup.billing.BillingClientWrapper$connect$1$onBillingSetupFinished$2: int label
com.pawsup.cats.CatTier: com.pawsup.cats.CatTier PREMIUM
com.pawsup.cats.CatVoiceProvider: java.util.List mochaLoop
com.pawsup.cats.Cat: java.lang.String moodColorHex
com.pawsup.billing.BillingRepository$handlePurchase$1: com.pawsup.billing.BillingRepository this$0
com.pawsup.billing.BillingEvent$UserCancelled: int $stable
com.pawsup.billing.BillingRepository$entitlements$1: int label
com.pawsup.billing.BillingClientWrapper$onPurchasesUpdated$1$2$1: com.android.billingclient.api.Purchase $purchase
com.pawsup.billing.BillingRepository$entitlements$1: java.lang.Object L$0
com.pawsup.cats.Cat: java.lang.String backgroundColorHex
com.pawsup.cats.CatVoiceProvider: java.util.List shadowLoop
com.pawsup.cats.CatRegistry: java.util.List all
com.pawsup.cats.CatTier: kotlin.enums.EnumEntries $ENTRIES
com.pawsup.billing.BillingEvent$Error: int $stable
com.pawsup.billing.BillingClientWrapper$scheduleReconnect$1: com.pawsup.billing.BillingClientWrapper this$0
...
androidx.recyclerview.widget.RecyclerView$ViewHolder: int getAdapterPosition()
androidx.media3.exoplayer.scheduler.RequirementsWatcher: android.os.Handler access$300(androidx.media3.exoplayer.scheduler.RequirementsWatcher)
com.android.billingclient.api.BillingClientImpl: int zza(com.android.billingclient.api.BillingClientImpl)
kotlin.LazyThreadSafetyMode: kotlin.LazyThreadSafetyMode[] values()
com.google.android.datatransport.runtime.backends.BackendResponse$Status: com.google.android.datatransport.runtime.backends.BackendResponse$Status valueOf(java.lang.String)
androidx.datastore.preferences.protobuf.ProtoSyntax: androidx.datastore.preferences.protobuf.ProtoSyntax valueOf(java.lang.String)
dagger.hilt.android.internal.managers.ActivityRetainedComponentManager$LifecycleModule: dagger.hilt.android.ActivityRetainedLifecycle provideActivityRetainedLifecycle()
androidx.media3.extractor.ts.MpeghUtil: boolean parseMpegh3daCoreConfig(androidx.media3.common.util.ParsableBitArray)
androidx.emoji2.text.ConcurrencyHelpers$Handler28Impl: android.os.Handler createAsync(android.os.Looper)
androidx.compose.ui.text.android.CanvasCompatQ: void disableZ(android.graphics.Canvas)
androidx.media3.extractor.mp4.FragmentedMp4Extractor: FragmentedMp4Extractor(int,androidx.media3.common.util.TimestampAdjuster,androidx.media3.extractor.mp4.Track,java.util.List)
androidx.media3.common.C: C()
androidx.media3.common.MediaMetadata$Builder: java.lang.CharSequence access$900(androidx.media3.common.MediaMetadata$Builder)
androidx.media3.exoplayer.source.ExternallyLoadedMediaSource$Factory: androidx.media3.exoplayer.source.ExternallyLoadedMediaSource createMediaSource(androidx.media3.common.MediaItem)
androidx.media3.exoplayer.upstream.experimental.SplitParallelSampleBandwidthEstimator: void onTransferEnd(androidx.media3.datasource.DataSource)
androidx.media3.ui.TrackSelectionView: void setShowDisableOption(boolean)
androidx.media3.exoplayer.audio.AudioTrackPositionTracker: boolean mayHandleBuffer(long)
androidx.media3.common.util.Util: long msToUs(long)
androidx.media3.datasource.ByteArrayDataSource: long open(androidx.media3.datasource.DataSpec)
androidx.media3.exoplayer.source.MergingMediaPeriod: void onContinueLoadingRequested(androidx.media3.exoplayer.source.SequenceableLoader)
androidx.media3.exoplayer.DefaultRenderersFactory: androidx.media3.exoplayer.DefaultRenderersFactory experimentalSetMediaCodecAsyncCryptoFlagEnabled(boolean)
com.android.billingclient.api.BillingClientKotlinKt: void $r8$lambda$wzezm1LgRtzooDMmMf2vgdwDzEw(kotlinx.coroutines.CompletableDeferred,com.android.billingclient.api.BillingResult,java.util.List)
androidx.media3.exoplayer.BaseRenderer: void clearListener()
androidx.media3.common.SimpleBasePlayer: int getCurrentPeriodIndexInternal(androidx.media3.common.SimpleBasePlayer$State,androidx.media3.common.Timeline$Window,androidx.media3.common.Timeline$Period)
androidx.media3.datasource.DefaultHttpDataSource: boolean isCompressed(java.net.HttpURLConnection)
androidx.media3.extractor.metadata.id3.CommentFrame: int hashCode()
androidx.media3.exoplayer.mediacodec.MediaCodecUtil$MediaCodecListCompatV21: boolean isFeatureSupported(java.lang.String,java.lang.String,android.media.MediaCodecInfo$CodecCapabilities)
androidx.compose.ui.viewinterop.ViewFactoryHolder: void setSavableRegistryEntry(androidx.compose.runtime.saveable.SaveableStateRegistry$Entry)
androidx.media3.exoplayer.ExoPlayer$Builder: androidx.media3.exoplayer.ExoPlayer$Builder setSeekForwardIncrementMs(long)
androidx.media3.exoplayer.source.WrappingMediaSource: long getMediaTimeForChildMediaTime(java.lang.Void,long,androidx.media3.exoplayer.source.MediaSource$MediaPeriodId)
androidx.media3.extractor.text.cea.Cea708Decoder: void handleDefineWindow(int)
androidx.media3.common.util.CodecSpecificDataUtil: int findNalStartCode(byte[],int)
androidx.media3.datasource.cache.CachedContentIndex: void removeEmpty()